  Snake.cpp
c:\users\administrator\desktop\c\snakes\snakes\snake.h(72): warning C4267: “参数”: 从“size_t”转换到“int”，可能丢失数据
c:\users\administrator\desktop\c\snakes\snakes\snake.h(76): warning C4267: “参数”: 从“size_t”转换到“int”，可能丢失数据
  Main.cpp
c:\users\administrator\desktop\c\snakes\snakes\food.h(27): warning C4267: “参数”: 从“size_t”转换到“int”，可能丢失数据
c:\users\administrator\desktop\c\snakes\snakes\snake.h(72): warning C4267: “参数”: 从“size_t”转换到“int”，可能丢失数据
c:\users\administrator\desktop\c\snakes\snakes\snake.h(76): warning C4267: “参数”: 从“size_t”转换到“int”，可能丢失数据
c:\users\administrator\desktop\c\snakes\snakes\game.h(60): warning C4244: “参数”: 从“unsigned short”转换到“const char”，可能丢失数据
c:\users\administrator\desktop\c\snakes\snakes\game.h(61): warning C4267: “参数”: 从“size_t”转换到“int”，可能丢失数据
c:\users\administrator\desktop\c\snakes\snakes\game.h(64): warning C4244: “参数”: 从“unsigned short”转换到“const char”，可能丢失数据
c:\users\administrator\desktop\c\snakes\snakes\game.h(65): warning C4267: “参数”: 从“size_t”转换到“int”，可能丢失数据
  Game.cpp
c:\users\administrator\desktop\c\snakes\snakes\food.h(27): warning C4267: “参数”: 从“size_t”转换到“int”，可能丢失数据
c:\users\administrator\desktop\c\snakes\snakes\snake.h(72): warning C4267: “参数”: 从“size_t”转换到“int”，可能丢失数据
c:\users\administrator\desktop\c\snakes\snakes\snake.h(76): warning C4267: “参数”: 从“size_t”转换到“int”，可能丢失数据
c:\users\administrator\desktop\c\snakes\snakes\game.h(60): warning C4244: “参数”: 从“unsigned short”转换到“const char”，可能丢失数据
c:\users\administrator\desktop\c\snakes\snakes\game.h(61): warning C4267: “参数”: 从“size_t”转换到“int”，可能丢失数据
c:\users\administrator\desktop\c\snakes\snakes\game.h(64): warning C4244: “参数”: 从“unsigned short”转换到“const char”，可能丢失数据
c:\users\administrator\desktop\c\snakes\snakes\game.h(65): warning C4267: “参数”: 从“size_t”转换到“int”，可能丢失数据
c:\users\administrator\desktop\c\snakes\snakes\game.cpp(84): warning C4244: “=”: 从“SOCKET”转换到“int”，可能丢失数据
c:\users\administrator\desktop\c\snakes\snakes\game.cpp(120): warning C4267: “参数”: 从“size_t”转换到“int”，可能丢失数据
c:\users\administrator\desktop\c\snakes\snakes\game.cpp(145): warning C4267: “参数”: 从“size_t”转换到“int”，可能丢失数据
  正在生成代码...
  Snakes.vcxproj -> C:\Users\Administrator\Desktop\c\Snakes\x64\Debug\Snakes.exe
  Snakes.vcxproj -> C:\Users\Administrator\Desktop\c\Snakes\x64\Debug\Snakes.pdb (Partial PDB)
